
========================[ Jun 8, 2015 11:23 PM ]========================
Version 2.2.26 [Sep-21-2011]
Started database file "IgHC_CH1.fa"
Formatted 46 sequences in volume 0
SUCCESS: formatted database IgHC_CH1.fa

========================[ Jun 8, 2015 11:23 PM ]========================
Version 2.2.26 [Sep-21-2011]
Started database file "IgHD.fa"
Formatted 34 sequences in volume 0
SUCCESS: formatted database IgHD.fa

========================[ Jun 8, 2015 11:23 PM ]========================
Version 2.2.26 [Sep-21-2011]
Started database file "IgHJ.fa"
Formatted 13 sequences in volume 0
SUCCESS: formatted database IgHJ.fa

========================[ Jun 8, 2015 11:23 PM ]========================
Version 2.2.26 [Sep-21-2011]
Started database file "IgHV.fa"
Formatted 246 sequences in volume 0
SUCCESS: formatted database IgHV.fa

========================[ Jun 8, 2015 11:23 PM ]========================
Version 2.2.26 [Sep-21-2011]
Started database file "IgKJ.fa"
Formatted 9 sequences in volume 0
SUCCESS: formatted database IgKJ.fa

========================[ Jun 8, 2015 11:23 PM ]========================
Version 2.2.26 [Sep-21-2011]
Started database file "IgKLJ.fa"
Formatted 19 sequences in volume 0
SUCCESS: formatted database IgKLJ.fa

========================[ Jun 8, 2015 11:23 PM ]========================
Version 2.2.26 [Sep-21-2011]
Started database file "IgKLV.fa"
Formatted 135 sequences in volume 0
SUCCESS: formatted database IgKLV.fa

========================[ Jun 8, 2015 11:23 PM ]========================
Version 2.2.26 [Sep-21-2011]
Started database file "IgKV.fa"
Formatted 58 sequences in volume 0
SUCCESS: formatted database IgKV.fa

========================[ Jun 8, 2015 11:23 PM ]========================
Version 2.2.26 [Sep-21-2011]
Started database file "IgLJ.fa"
Formatted 10 sequences in volume 0
SUCCESS: formatted database IgLJ.fa

========================[ Jun 8, 2015 11:23 PM ]========================
Version 2.2.26 [Sep-21-2011]
Started database file "IgLV.fa"
Formatted 77 sequences in volume 0
SUCCESS: formatted database IgLV.fa
